<?xml version="1.0" encoding="UTF-8"?>
<testsuite name="com.mgc.mbti.MbtiApplicationTests" tests="1" skipped="1" failures="0" errors="0" timestamp="2022-01-02T15:01:51" hostname="jeong-yong-uui-MacBookPro.local" time="0.0">
  <properties/>
  <testcase name="contextLoads()" classname="com.mgc.mbti.MbtiApplicationTests" time="0.0">
    <skipped/>
  </testcase>
  <system-out><![CDATA[]]></system-out>
  <system-err><![CDATA[]]></system-err>
</testsuite>
